<?xml version="1.0" encoding="utf-8"?><testsuites name="pytest tests"><testsuite name="pytest" errors="0" failures="0" skipped="0" tests="29" time="37.602" timestamp="2026-01-28T00:16:48.707173+00:00" hostname="agent-env-168fb88a-e67d-4aca-a03e-fe1798544d87"><testcase classname="backend.tests.test_payments.TestPaymentCheckoutCreation" name="test_create_checkout_1_month" time="1.111" /><testcase classname="backend.tests.test_payments.TestPaymentCheckoutCreation" name="test_create_checkout_3_months" time="0.907" /><testcase classname="backend.tests.test_payments.TestPaymentCheckoutCreation" name="test_create_checkout_6_months" time="1.116" /><testcase classname="backend.tests.test_payments.TestPaymentCheckoutCreation" name="test_create_checkout_12_months" time="0.806" /><testcase classname="backend.tests.test_payments.TestPaymentCheckoutCreation" name="test_create_checkout_invalid_package" time="0.444" /><testcase classname="backend.tests.test_payments.TestPaymentCheckoutCreation" name="test_create_checkout_missing_origin_url" time="0.445" /><testcase classname="backend.tests.test_payments.TestPaymentStatusPolling" name="test_get_payment_status" time="1.685" /><testcase classname="backend.tests.test_payments.TestPaymentStatusPolling" name="test_get_payment_status_invalid_session" time="0.943" /><testcase classname="backend.tests.test_payments.TestAdminPaymentHistory" name="test_get_payment_history_as_admin" time="1.016" /><testcase classname="backend.tests.test_payments.TestAdminPaymentHistory" name="test_get_payment_history_without_auth" time="0.771" /><testcase classname="backend.tests.test_payments.TestAdminPaymentHistory" name="test_get_payment_history_non_admin" time="1.240" /><testcase classname="backend.tests.test_payments.TestAdminManualActivation" name="test_admin_activate_user" time="1.705" /><testcase classname="backend.tests.test_payments.TestAdminManualActivation" name="test_admin_deactivate_user" time="2.675" /><testcase classname="backend.tests.test_payments.TestPricingConsistency" name="test_checkout_amount_matches_pricing" time="4.485" /><testcase classname="backend.tests.test_pvc_api.TestHealthAndPricing" name="test_api_root" time="0.342" /><testcase classname="backend.tests.test_pvc_api.TestHealthAndPricing" name="test_get_pricing_public" time="0.768" /><testcase classname="backend.tests.test_pvc_api.TestAdminAuth" name="test_admin_login_success" time="0.566" /><testcase classname="backend.tests.test_pvc_api.TestAdminAuth" name="test_admin_login_invalid_password" time="0.693" /><testcase classname="backend.tests.test_pvc_api.TestAdminAuth" name="test_login_nonexistent_user" time="0.360" /><testcase classname="backend.tests.test_pvc_api.TestAdminPricingManagement" name="test_update_pricing_as_admin" time="1.009" /><testcase classname="backend.tests.test_pvc_api.TestAdminPricingManagement" name="test_update_pricing_without_auth" time="0.471" /><testcase classname="backend.tests.test_pvc_api.TestAdminPricingManagement" name="test_pricing_persists_after_update" time="1.992" /><testcase classname="backend.tests.test_pvc_api.TestAdminUserManagement" name="test_get_admin_stats" time="1.026" /><testcase classname="backend.tests.test_pvc_api.TestAdminUserManagement" name="test_get_all_users" time="1.380" /><testcase classname="backend.tests.test_pvc_api.TestUserRegistration" name="test_register_new_user" time="0.677" /><testcase classname="backend.tests.test_pvc_api.TestUserRegistration" name="test_register_duplicate_email" time="1.436" /><testcase classname="backend.tests.test_pvc_api.TestOffersWithMultipleItems" name="test_create_offer_with_multiple_items" time="4.320" /><testcase classname="backend.tests.test_pvc_api.TestOffersWithMultipleItems" name="test_get_offers_list" time="1.023" /><testcase classname="backend.tests.test_pvc_api.TestPdfDownload" name="test_download_offer_pdf" time="2.109" /></testsuite></testsuites>