<?xml version="1.0" encoding="utf-8"?><testsuites name="pytest tests"><testsuite name="pytest" errors="0" failures="0" skipped="0" tests="15" time="19.314" timestamp="2026-01-27T23:44:23.595354+00:00" hostname="agent-env-168fb88a-e67d-4aca-a03e-fe1798544d87"><testcase classname="backend.tests.test_pvc_api.TestHealthAndPricing" name="test_api_root" time="0.474" /><testcase classname="backend.tests.test_pvc_api.TestHealthAndPricing" name="test_get_pricing_public" time="0.754" /><testcase classname="backend.tests.test_pvc_api.TestAdminAuth" name="test_admin_login_success" time="0.671" /><testcase classname="backend.tests.test_pvc_api.TestAdminAuth" name="test_admin_login_invalid_password" time="0.982" /><testcase classname="backend.tests.test_pvc_api.TestAdminAuth" name="test_login_nonexistent_user" time="0.452" /><testcase classname="backend.tests.test_pvc_api.TestAdminPricingManagement" name="test_update_pricing_as_admin" time="1.114" /><testcase classname="backend.tests.test_pvc_api.TestAdminPricingManagement" name="test_update_pricing_without_auth" time="0.459" /><testcase classname="backend.tests.test_pvc_api.TestAdminPricingManagement" name="test_pricing_persists_after_update" time="2.290" /><testcase classname="backend.tests.test_pvc_api.TestAdminUserManagement" name="test_get_admin_stats" time="1.021" /><testcase classname="backend.tests.test_pvc_api.TestAdminUserManagement" name="test_get_all_users" time="1.335" /><testcase classname="backend.tests.test_pvc_api.TestUserRegistration" name="test_register_new_user" time="0.581" /><testcase classname="backend.tests.test_pvc_api.TestUserRegistration" name="test_register_duplicate_email" time="1.029" /><testcase classname="backend.tests.test_pvc_api.TestOffersWithMultipleItems" name="test_create_offer_with_multiple_items" time="4.843" /><testcase classname="backend.tests.test_pvc_api.TestOffersWithMultipleItems" name="test_get_offers_list" time="1.041" /><testcase classname="backend.tests.test_pvc_api.TestPdfDownload" name="test_download_offer_pdf" time="2.153" /></testsuite></testsuites>